This is e-pTeX, Version 3.14159265-p3.8.2-190908-2.6 (utf8.euc) (TeX Live 2019/Debian) (preloaded format=platex 2024.1.12)  14 FEB 2024 05:24
entering extended mode
 restricted \write18 enabled.
 %&-line parsing enabled.
**/home/ankon/thesis_paper/main.tex
(/home/ankon/thesis_paper/main.tex
pLaTeX2e <2020-02-02>+2 (based on LaTeX2e <2020-02-02> patch level 2)
L3 programming layer <2020-02-14> (/usr/share/texlive/texmf-dist/tex/platex/base/jreport.cls
Document Class: jreport 2020/01/03 v1.8e Standard pLaTeX class
\c@@paper=\count166
(/usr/share/texlive/texmf-dist/tex/platex/base/jsize12.clo
File: jsize12.clo 2020/01/03 v1.8e Standard pLaTeX file (size option)
)
\c@part=\count167
\c@chapter=\count168
\c@section=\count169
\c@subsection=\count170
\c@subsubsection=\count171
\c@paragraph=\count172
\c@subparagraph=\count173
\c@figure=\count174
\c@table=\count175
\abovecaptionskip=\skip47
\belowcaptionskip=\skip48
\symmincho=\mathgroup4
LaTeX Font Info:    Overwriting symbol font `mincho' in version `bold'
(Font)                  JY1/mc/m/n --> JY1/gt/m/n on input line 704.
\toclineskip=\dimen150
\@lnumwidth=\dimen151
\bibindent=\dimen152
\heisei=\count176
) (/usr/share/texlive/texmf-dist/tex/latex/graphics/graphicx.sty
Package: graphicx 2019/11/30 v1.2a Enhanced LaTeX Graphics (DPC,SPQR)
 (/usr/share/texlive/texmf-dist/tex/latex/graphics/keyval.sty
Package: keyval 2014/10/28 v1.15 key=value parser (DPC)
\KV@toks@=\toks15
) (/usr/share/texlive/texmf-dist/tex/latex/graphics/graphics.sty
Package: graphics 2019/11/30 v1.4a Standard LaTeX Graphics (DPC,SPQR)
 (/usr/share/texlive/texmf-dist/tex/latex/graphics/trig.sty
Package: trig 2016/01/03 v1.10 sin cos tan (DPC)
) (/usr/share/texlive/texmf-dist/tex/latex/graphics-cfg/graphics.cfg
File: graphics.cfg 2016/06/04 v1.11 sample graphics configuration
)
Package graphics Info: Driver file: dvipdfmx.def on input line 105.
 (/usr/share/texlive/texmf-dist/tex/latex/graphics-def/dvipdfmx.def
File: dvipdfmx.def 2017/06/24 v5.0g Graphics/color driver for dvipdfmx
))
\Gin@req@height=\dimen153
\Gin@req@width=\dimen154
) (/usr/share/texlive/texmf-dist/tex/latex/float/float.sty
Package: float 2001/11/08 v1.3d Float enhancements (AL)
\c@float@type=\count177
\float@exts=\toks16
\float@box=\box61
\@float@everytoks=\toks17
\@floatcapt=\box62
) (./CSNthesis.sty) (/usr/share/texlive/texmf-dist/tex/latex/url/url.sty
\Urlmuskip=\muskip16
Package: url 2013/09/16  ver 3.4  Verb mode for urls, etc.
) (/usr/share/texlive/texmf-dist/tex/latex/l3backend/l3backend-dvips.def
File: l3backend-dvips.def 2020-02-03 L3 backend support: dvips
\l__pdf_internal_box=\box63
\g__pdf_backend_object_int=\count178
\l__pdf_backend_content_box=\box64
\l__pdf_backend_model_box=\box65
\g__pdf_backend_annotation_int=\count179
\g__pdf_backend_link_int=\count180
\g__pdf_backend_link_sf_int=\count181
) (./main.aux)
\openout1 = `main.aux'.

LaTeX Font Info:    Checking defaults for OML/cmm/m/it on input line 34.
LaTeX Font Info:    ... okay on input line 34.
LaTeX Font Info:    Checking defaults for OMS/cmsy/m/n on input line 34.
LaTeX Font Info:    ... okay on input line 34.
LaTeX Font Info:    Checking defaults for OT1/cmr/m/n on input line 34.
LaTeX Font Info:    ... okay on input line 34.
LaTeX Font Info:    Checking defaults for T1/cmr/m/n on input line 34.
LaTeX Font Info:    ... okay on input line 34.
LaTeX Font Info:    Checking defaults for TS1/cmr/m/n on input line 34.
LaTeX Font Info:    ... okay on input line 34.
LaTeX Font Info:    Checking defaults for OMX/cmex/m/n on input line 34.
LaTeX Font Info:    ... okay on input line 34.
LaTeX Font Info:    Checking defaults for U/cmr/m/n on input line 34.
LaTeX Font Info:    ... okay on input line 34.
LaTeX Font Info:    Checking defaults for JY1/mc/m/n on input line 34.
LaTeX Font Info:    ... okay on input line 34.
LaTeX Font Info:    Checking defaults for JT1/mc/m/n on input line 34.
LaTeX Font Info:    ... okay on input line 34.
LaTeX Font Info:    External font `cmex10' loaded for size
(Font)              <12> on input line 35.
LaTeX Font Info:    External font `cmex10' loaded for size
(Font)              <8> on input line 35.
LaTeX Font Info:    External font `cmex10' loaded for size
(Font)              <6> on input line 35.
 [1

]
LaTeX Font Info:    Font shape `JT1/mc/b/n' in size <12> not available
(Font)              Font shape `JT1/mc/bx/n' tried instead on input line 37.
LaTeX Font Info:    Font shape `JT1/mc/bx/n' in size <12> not available
(Font)              Font shape `JT1/gt/m/n' tried instead on input line 37.
LaTeX Font Info:    Font shape `JY1/mc/b/n' in size <12> not available
(Font)              Font shape `JY1/mc/bx/n' tried instead on input line 37.
LaTeX Font Info:    Font shape `JY1/mc/bx/n' in size <12> not available
(Font)              Font shape `JY1/gt/m/n' tried instead on input line 37.
 [0]
LaTeX Font Info:    Font shape `JT1/mc/b/n' in size <24.88> not available
(Font)              Font shape `JT1/mc/bx/n' tried instead on input line 56.
LaTeX Font Info:    Font shape `JT1/mc/bx/n' in size <24.88> not available
(Font)              Font shape `JT1/gt/m/n' tried instead on input line 56.
LaTeX Font Info:    Font shape `JY1/mc/b/n' in size <24.88> not available
(Font)              Font shape `JY1/mc/bx/n' tried instead on input line 56.
LaTeX Font Info:    Font shape `JY1/mc/bx/n' in size <24.88> not available
(Font)              Font shape `JY1/gt/m/n' tried instead on input line 56.
 (./main.toc [1

])
\tf@toc=\write3
\openout3 = `main.toc'.

 [2] (./introduction.tex
第 1 章
) (./preparation.tex [1

] [2]
第 2 章
LaTeX Font Info:    Font shape `JT1/mc/b/n' in size <17.28> not available
(Font)              Font shape `JT1/mc/bx/n' tried instead on input line 3.
LaTeX Font Info:    Font shape `JT1/mc/bx/n' in size <17.28> not available
(Font)              Font shape `JT1/gt/m/n' tried instead on input line 3.
LaTeX Font Info:    Font shape `JY1/mc/b/n' in size <17.28> not available
(Font)              Font shape `JY1/mc/bx/n' tried instead on input line 3.
LaTeX Font Info:    Font shape `JY1/mc/bx/n' in size <17.28> not available
(Font)              Font shape `JY1/gt/m/n' tried instead on input line 3.
LaTeX Font Info:    Font shape `JT1/mc/b/n' in size <14.4> not available
(Font)              Font shape `JT1/mc/bx/n' tried instead on input line 5.
LaTeX Font Info:    Font shape `JT1/mc/bx/n' in size <14.4> not available
(Font)              Font shape `JT1/gt/m/n' tried instead on input line 5.
LaTeX Font Info:    Font shape `JY1/mc/b/n' in size <14.4> not available
(Font)              Font shape `JY1/mc/bx/n' tried instead on input line 5.
LaTeX Font Info:    Font shape `JY1/mc/bx/n' in size <14.4> not available
(Font)              Font shape `JY1/gt/m/n' tried instead on input line 5.
[3

]
File: fig/candle.png Graphic file (type bmp)
<fig/candle.png>
 [4]
Overfull \hbox (5.37488pt too wide) in paragraph at lines 41--41
[]\OT1/cmr/bx/n/14.4 MACD(Moving Av-er-age Con-ver-gence and Di-ver-gence) 
 []

File: fig/macd_exp.png Graphic file (type bmp)
<fig/macd_exp.png>
[5] [6]
File: fig/bbexp.png Graphic file (type bmp)
<fig/bbexp.png>
 [7]
Overfull \hbox (0.19403pt too wide) in paragraph at lines 125--131
[]\JY1/mc/m/n/12 図 \OT1/cmr/m/n/12 2.4 \JY1/mc/m/n/12 の \OT1/cmr/m/n/12 Bactest-ing \JY1/mc/m/n/12 に含まれている $\OML/cmm/m/it/12 self:I\OT1/cmr/m/n/12 ()$ \JY1/mc/m/n/12 メソ ッ ドについて説明する ． $\OML/cmm/m/it/12 self:I\OT1/cmr/m/n/12 ()$
 []

File: fig/I_SMA.png Graphic file (type bmp)
<fig/I_SMA.png>
[8]
File: fig/crossover.png Graphic file (type bmp)
<fig/crossover.png>
File: fig/strategy.png Graphic file (type bmp)
<fig/strategy.png>
File: fig/data_bt_result.png Graphic file (type bmp)
<fig/data_bt_result.png>
 [9]
File: fig/bt_res.png Graphic file (type bmp)
<fig/bt_res.png>
 [10]
File: fig/datetime_test.png Graphic file (type bmp)
<fig/datetime_test.png>
 [11]
File: fig/datetime_res.png Graphic file (type bmp)
<fig/datetime_res.png>
File: fig/pandas_test.png Graphic file (type bmp)
<fig/pandas_test.png>
File: fig/pandas_res.png Graphic file (type bmp)
<fig/pandas_res.png>
File: fig/np_test.png Graphic file (type bmp)
<fig/np_test.png>
File: fig/np_res.png Graphic file (type bmp)
<fig/np_res.png>
 [12]
File: fig/talib_test.png Graphic file (type bmp)
<fig/talib_test.png>
File: fig/talib_res.png Graphic file (type bmp)
<fig/talib_res.png>
File: fig/plt_test.png Graphic file (type bmp)
<fig/plt_test.png>
 [13]
File: fig/plt_res.png Graphic file (type bmp)
<fig/plt_res.png>
 [14] [15]) (./algorithm.tex
第 3 章
File: fig/macdonly.png Graphic file (type bmp)
<fig/macdonly.png>
[16

]
File: fig/macd_fma.png Graphic file (type bmp)
<fig/macd_fma.png>
 [17] [18]
File: fig/macd_nk_paint.png Graphic file (type bmp)
<fig/macd_nk_paint.png>
 [19]
File: fig/macd_and_nk_and_fma_paint.png Graphic file (type bmp)
<fig/macd_and_nk_and_fma_paint.png>
 [20]
File: fig/macd_and_nk_or_fma0_6857_paint.png Graphic file (type bmp)
<fig/macd_and_nk_or_fma0_6857_paint.png>
File: fig/macd_and_nk0_or_fma_paint.png Graphic file (type bmp)
<fig/macd_and_nk0_or_fma_paint.png>
 [21] [22]
File: fig/bbonly_paint.png Graphic file (type bmp)
<fig/bbonly_paint.png>
 [23]
File: fig/bb_fma_paint.png Graphic file (type bmp)
<fig/bb_fma_paint.png>
 [24]
File: fig/bb_nk_paint.png Graphic file (type bmp)
<fig/bb_nk_paint.png>
 [25] [26]
File: fig/bb_and_nk_and_fma_paint.png Graphic file (type bmp)
<fig/bb_and_nk_and_fma_paint.png>
 [27]
File: fig/bb_and_nk_or_fma0_paint.png Graphic file (type bmp)
<fig/bb_and_nk_or_fma0_paint.png>
 [28]
File: fig/bb_and_nk0_or_fma_paint.png Graphic file (type bmp)
<fig/bb_and_nk0_or_fma_paint.png>
 [29]
File: fig/bb0_or_macd_paint.png Graphic file (type bmp)
<fig/bb0_or_macd_paint.png>
 [30]
File: fig/bb_or_macd0_paint.png Graphic file (type bmp)
<fig/bb_or_macd0_paint.png>
 [31]
File: fig/macdorbb0_and_fma_paint.png Graphic file (type bmp)
<fig/macdorbb0_and_fma_paint.png>
 [32]
File: fig/macd0orbb_and_fma_paint.png Graphic file (type bmp)
<fig/macd0orbb_and_fma_paint.png>
 [33] [34]
File: fig/bbandfma0_or_macd_paint.png Graphic file (type bmp)
<fig/bbandfma0_or_macd_paint.png>
File: fig/bbandfma_or_macd0_paint.png Graphic file (type bmp)
<fig/bbandfma_or_macd0_paint.png>
 [35] [36]) (./result.tex
第 4 章
[37

] [38]
LaTeX Font Info:    External font `cmex10' loaded for size
(Font)              <10.95> on input line 118.
LaTeX Font Info:    Font shape `JT1/mc/b/n' in size <10.95> not available
(Font)              Font shape `JT1/mc/bx/n' tried instead on input line 121.
LaTeX Font Info:    Font shape `JT1/mc/bx/n' in size <10.95> not available
(Font)              Font shape `JT1/gt/m/n' tried instead on input line 121.
LaTeX Font Info:    Font shape `JY1/mc/b/n' in size <10.95> not available
(Font)              Font shape `JY1/mc/bx/n' tried instead on input line 121.
LaTeX Font Info:    Font shape `JY1/mc/bx/n' in size <10.95> not available
(Font)              Font shape `JY1/gt/m/n' tried instead on input line 121.
File: fig/res_1.png Graphic file (type bmp)
<fig/res_1.png>
File: fig/res_2.png Graphic file (type bmp)
<fig/res_2.png>
 [39]
File: fig/macdonly_saiteki.png Graphic file (type bmp)
<fig/macdonly_saiteki.png>
File: fig/macd_fma_saiteki.png Graphic file (type bmp)
<fig/macd_fma_saiteki.png>
 [40]
File: fig/macd_nikkei_saiteki.png Graphic file (type bmp)
<fig/macd_nikkei_saiteki.png>
File: fig/macd_nikkeiandfma_saiteki.png Graphic file (type bmp)
<fig/macd_nikkeiandfma_saiteki.png>
 [41]
File: fig/macd_nikkeiorfma_saiteki.png Graphic file (type bmp)
<fig/macd_nikkeiorfma_saiteki.png>
File: fig/bbonly_saiteki.png Graphic file (type bmp)
<fig/bbonly_saiteki.png>
 [42]
File: fig/bb_fma_saiteki.png Graphic file (type bmp)
<fig/bb_fma_saiteki.png>
File: fig/bb_nikkei_saiteki.png Graphic file (type bmp)
<fig/bb_nikkei_saiteki.png>
 [43]
File: fig/bb_nikkeiandfma_saiteki.png Graphic file (type bmp)
<fig/bb_nikkeiandfma_saiteki.png>
File: fig/bb_nikkeiorfma_saiteki.png Graphic file (type bmp)
<fig/bb_nikkeiorfma_saiteki.png>
 [44]
File: fig/bbmacdon_saiteki.png Graphic file (type bmp)
<fig/bbmacdon_saiteki.png>
File: fig/bbmacdandfm_saiteki.png Graphic file (type bmp)
<fig/bbmacdandfm_saiteki.png>
 [45]
File: fig/bbandfmmacd_saiteki.png Graphic file (type bmp)
<fig/bbandfmmacd_saiteki.png>
 [46] [47]) (./conclusion.tex
第 5 章
) (./thanks.tex [48

]) (./bibliography.tex [49

]
Underfull \hbox (badness 1062) in paragraph at lines 11--13
[]\OT1/cmr/m/n/12 Python Soft-ware Foun-da-tion\JY1/mc/m/n/12 ，  \OT1/cmr/m/n/12 Ap-pli-ca-tions for Python\JY1/mc/m/n/12 ，  $\OT1/cmtt/m/n/12 https : / / www .
 []


Underfull \hbox (badness 10000) in paragraph at lines 33--34
[]$\OT1/cmtt/m/n/12 https : / / www . rakuten-[]sec . co . jp / web / domestic / special / beginner /
 []

[50

]) [51] (./main.aux) ) 
Here is how much of TeX's memory you used:
 1368 strings out of 481768
 21386 string characters out of 5933620
 262802 words of memory out of 5000000
 16744 multiletter control sequences out of 15000+600000
 547813 words of font info for 84 fonts, out of 8000000 for 9000
 929 hyphenation exceptions out of 8191
 30i,8n,25p,388b,399s stack positions out of 5000i,500n,10000p,200000b,80000s

Output written on main.dvi (55 pages, 97668 bytes).
